<?xml version="1.0" encoding="UTF-8"?>
<testng-results ignored="0" total="1" passed="1" failed="0" skipped="0">
  <reporter-output>
  </reporter-output>
  <suite started-at="2022-12-04T23:48:36 EST" name="Default suite" finished-at="2022-12-04T23:48:45 EST" duration-ms="8522">
    <groups>
    </groups>
    <test started-at="2022-12-04T23:48:36 EST" name="Default test" finished-at="2022-12-04T23:48:45 EST" duration-ms="8522">
      <class name="test4.Class4">
        <test-method signature="PropertyFile()[pri:0, instance:test4.Class4@bae7dc0]" started-at="2022-12-04T23:48:36 EST" name="PropertyFile" finished-at="2022-12-04T23:48:45 EST" duration-ms="8490" status="PASS">
          <reporter-output>
          </reporter-output>
        </test-method> <!-- PropertyFile -->
      </class> <!-- test4.Class4 -->
    </test> <!-- Default test -->
  </suite> <!-- Default suite -->
</testng-results>
